23:54:39 main@Main:11 - PID=30182@PC-X
23:54:39 main@EveryMinuteGcStat:26 - Garbage Collectors:
23:54:39 main@EveryMinuteGcStat:28 - G1 Young Generation
23:54:39 main@EveryMinuteGcStat:28 - G1 Old Generation
23:54:39 main@EveryMinuteGcStat:30 - 
		 GC statistics. All timings in (ms). About table columns: 
		 YoungCount| YoungTime| OldCount| OldTime| TotalCount| TotalTime|
23:54:39 pool-3-thread-1@SingleBigListWorker:42 - Process of creation and deletion big List<Int> will started after 2345ms.
23:54:39 pool-2-thread-1@SingleBigListWorker:42 - Process of creation and deletion big List<Int> will started after 4567ms.
23:54:42 pool-3-thread-1@SingleBigListWorker:46 - Create List<Int> with size = 7236100
23:54:43 pool-3-thread-1@SingleBigListWorker:74 - LeekList<Double>.size()=3617944
23:54:44 pool-2-thread-1@SingleBigListWorker:46 - Create List<Int> with size = 6091024
23:54:44 pool-2-thread-1@SingleBigListWorker:50 - Wait 4567ms. for list existence before remove its.
23:54:45 pool-1-thread-1@EveryMinuteGcStat:43 -       10|     1470|        0|        0|       10|     1470|
23:54:46 pool-3-thread-1@SingleBigListWorker:74 - LeekList<Double>.size()=7235888
23:54:49 pool-3-thread-1@SingleBigListWorker:74 - LeekList<Double>.size()=10853832
23:54:49 pool-2-thread-1@SingleBigListWorker:52 - Delete List<Int>, and wait 9134ms.
23:54:52 pool-3-thread-1@SingleBigListWorker:74 - LeekList<Double>.size()=14471776
23:54:55 pool-3-thread-1@SingleBigListWorker:74 - LeekList<Double>.size()=18089720
23:54:58 pool-3-thread-1@SingleBigListWorker:74 - LeekList<Double>.size()=21707664
23:54:59 pool-2-thread-1@SingleBigListWorker:46 - Create List<Int> with size = 6091024
23:54:59 pool-2-thread-1@SingleBigListWorker:50 - Wait 4567ms. for list existence before remove its.
23:55:00 pool-3-thread-1@SingleBigListWorker:74 - LeekList<Double>.size()=25325608
23:55:03 pool-3-thread-1@SingleBigListWorker:74 - LeekList<Double>.size()=28943552
23:55:03 pool-2-thread-1@SingleBigListWorker:52 - Delete List<Int>, and wait 9134ms.
23:55:06 pool-3-thread-1@SingleBigListWorker:74 - LeekList<Double>.size()=32561496
23:55:16 pool-2-thread-1@SingleBigListWorker:46 - Create List<Int> with size = 6091024
23:55:16 pool-2-thread-1@SingleBigListWorker:50 - Wait 4567ms. for list existence before remove its.
23:55:21 pool-2-thread-1@SingleBigListWorker:52 - Delete List<Int>, and wait 9134ms.
23:55:31 pool-2-thread-1@SingleBigListWorker:46 - Create List<Int> with size = 6091024
23:55:31 pool-2-thread-1@SingleBigListWorker:50 - Wait 4567ms. for list existence before remove its.
23:55:35 pool-2-thread-1@SingleBigListWorker:52 - Delete List<Int>, and wait 9134ms.
23:55:45 pool-1-thread-1@EveryMinuteGcStat:43 -       27|     3020|        2|     1842|       39|     6332|
23:55:45 pool-2-thread-1@SingleBigListWorker:46 - Create List<Int> with size = 6091024
23:55:45 pool-2-thread-1@SingleBigListWorker:50 - Wait 4567ms. for list existence before remove its.
23:55:50 pool-2-thread-1@SingleBigListWorker:52 - Delete List<Int>, and wait 9134ms.
23:55:59 pool-2-thread-1@SingleBigListWorker:46 - Create List<Int> with size = 6091024
23:55:59 pool-2-thread-1@SingleBigListWorker:50 - Wait 4567ms. for list existence before remove its.
23:56:04 pool-2-thread-1@SingleBigListWorker:52 - Delete List<Int>, and wait 9134ms.
23:56:14 pool-2-thread-1@SingleBigListWorker:46 - Create List<Int> with size = 6091024
23:56:14 pool-2-thread-1@SingleBigListWorker:50 - Wait 4567ms. for list existence before remove its.
23:56:18 pool-2-thread-1@SingleBigListWorker:52 - Delete List<Int>, and wait 9134ms.
23:56:28 pool-2-thread-1@SingleBigListWorker:46 - Create List<Int> with size = 6091024
23:56:28 pool-2-thread-1@SingleBigListWorker:50 - Wait 4567ms. for list existence before remove its.
23:56:33 pool-2-thread-1@SingleBigListWorker:52 - Delete List<Int>, and wait 9134ms.
23:56:42 pool-2-thread-1@SingleBigListWorker:46 - Create List<Int> with size = 6091024
23:56:42 pool-2-thread-1@SingleBigListWorker:50 - Wait 4567ms. for list existence before remove its.
23:56:45 pool-1-thread-1@EveryMinuteGcStat:43 -       38|     4453|        2|     1842|       79|    12627|
23:56:47 pool-2-thread-1@SingleBigListWorker:52 - Delete List<Int>, and wait 9134ms.
